[2021-04-26T01:16:53,588][INFO ][logstash.runner          ] Log4j configuration path used is: /home/gabriel/cai/logstash/logstash-7.12.0-linux-x86_64/logstash-7.12.0/config/log4j2.properties
[2021-04-26T01:16:53,605][INFO ][logstash.runner          ] Starting Logstash {"logstash.version"=>"7.12.0", "jruby.version"=>"jruby 9.2.13.0 (2.5.7) 2020-08-03 9a89c94bcc OpenJDK 64-Bit Server VM 11.0.10+9 on 11.0.10+9 +indy +jit [linux-x86_64]"}
[2021-04-26T01:16:54,162][WARN ][logstash.config.source.multilocal] Ignoring the 'pipelines.yml' file because modules or command line options are specified
[2021-04-26T01:16:55,367][INFO ][logstash.agent           ] Successfully started Logstash API endpoint {:port=>9600}
[2021-04-26T01:16:56,925][INFO ][org.reflections.Reflections] Reflections took 73 ms to scan 1 urls, producing 23 keys and 47 values 
[2021-04-26T01:16:58,186][INFO ][logstash.outputs.elasticsearch][main] Elasticsearch pool URLs updated {:changes=>{:removed=>[], :added=>[http://localhost:9200/]}}
[2021-04-26T01:16:58,395][WARN ][logstash.outputs.elasticsearch][main] Restored connection to ES instance {:url=>"http://localhost:9200/"}
[2021-04-26T01:16:58,461][INFO ][logstash.outputs.elasticsearch][main] ES Output version determined {:es_version=>7}
[2021-04-26T01:16:58,464][WARN ][logstash.outputs.elasticsearch][main] Detected a 6.x and above cluster: the `type` event field won't be used to determine the document _type {:es_version=>7}
[2021-04-26T01:16:58,541][INFO ][logstash.outputs.elasticsearch][main] New Elasticsearch output {:class=>"LogStash::Outputs::ElasticSearch", :hosts=>["//localhost:9200"]}
[2021-04-26T01:16:58,667][INFO ][logstash.outputs.elasticsearch][main] Using a default mapping template {:es_version=>7, :ecs_compatibility=>:disabled}
[2021-04-26T01:16:58,720][INFO ][logstash.javapipeline    ][main] Starting pipeline {:pipeline_id=>"main", "pipeline.workers"=>2, "pipeline.batch.size"=>125, "pipeline.batch.delay"=>50, "pipeline.max_inflight"=>250, "pipeline.sources"=>["/home/gabriel/cai/logstash/logstash-7.12.0-linux-x86_64/logstash-7.12.0/bin/crimes.elastic.logstash.final.conf"], :thread=>"#<Thread:0x49e09246 run>"}
[2021-04-26T01:16:58,755][INFO ][logstash.outputs.elasticsearch][main] Attempting to install template {:manage_template=>{"index_patterns"=>"logstash-*", "version"=>60001, "settings"=>{"index.refresh_interval"=>"5s", "number_of_shards"=>1}, "mappings"=>{"dynamic_templates"=>[{"message_field"=>{"path_match"=>"message", "match_mapping_type"=>"string", "mapping"=>{"type"=>"text", "norms"=>false}}}, {"string_fields"=>{"match"=>"*", "match_mapping_type"=>"string", "mapping"=>{"type"=>"text", "norms"=>false, "fields"=>{"keyword"=>{"type"=>"keyword", "ignore_above"=>256}}}}}], "properties"=>{"@timestamp"=>{"type"=>"date"}, "@version"=>{"type"=>"keyword"}, "geoip"=>{"dynamic"=>true, "properties"=>{"ip"=>{"type"=>"ip"}, "location"=>{"type"=>"geo_point"}, "latitude"=>{"type"=>"half_float"}, "longitude"=>{"type"=>"half_float"}}}}}}}
[2021-04-26T01:17:00,186][INFO ][logstash.javapipeline    ][main] Pipeline Java execution initialization time {"seconds"=>1.46}
[2021-04-26T01:17:00,557][INFO ][logstash.inputs.file     ][main] No sincedb_path set, generating one based on the "path" setting {:sincedb_path=>"/home/gabriel/cai/logstash/logstash-7.12.0-linux-x86_64/logstash-7.12.0/data/plugins/inputs/file/.sincedb_32275409497feef74fb148eeb0a83d4e", :path=>["/home/gabriel/cai/logstash/logstash-7.12.0-linux-x86_64/logstash-7.12.0/bin/nypd_300mil.csv"]}
[2021-04-26T01:17:00,581][INFO ][logstash.javapipeline    ][main] Pipeline started {"pipeline.id"=>"main"}
[2021-04-26T01:17:00,648][INFO ][logstash.agent           ] Pipelines running {:count=>1, :running_pipelines=>[:main], :non_running_pipelines=>[]}
[2021-04-26T01:17:00,702][INFO ][filewatch.observingread  ][main][d622b47a97db011c35f75367e0b57160447589228b139292bc57760f7f71fb20] START, creating Discoverer, Watch with file and sincedb collections
[2021-04-26T01:17:02,500][WARN ][logstash.outputs.elasticsearch][main][2732b7575ea07c350f8af8cbfd3a32428c464ca39edc3517b71d01b5949ba646] Could not index event to Elasticsearch. {:status=>400, :action=>["index", {:_id=>nil, :_index=>"crimesdb", :routing=>nil, :_type=>"_doc"}, #<LogStash::Event:0x71c0cfb9>], :response=>{"index"=>{"_index"=>"crimesdb", "_type"=>"_doc", "_id"=>"KkNlDHkB0i4wnj2DFruQ", "status"=>400, "error"=>{"type"=>"mapper_parsing_exception", "reason"=>"failed to parse field [KY_CD] of type [integer] in document with id 'KkNlDHkB0i4wnj2DFruQ'. Preview of field's value: 'KY_CD'", "caused_by"=>{"type"=>"number_format_exception", "reason"=>"For input string: \"KY_CD\""}}}}}
[2021-04-26T01:19:20,718][INFO ][logstash.javapipeline    ][main] Pipeline terminated {"pipeline.id"=>"main"}
[2021-04-26T01:19:21,071][INFO ][logstash.pipelinesregistry] Removed pipeline from registry successfully {:pipeline_id=>:main}
[2021-04-26T01:19:21,116][INFO ][logstash.runner          ] Logstash shut down.
[2021-04-26T23:03:15,718][INFO ][logstash.runner          ] Log4j configuration path used is: /home/gabriel/cai/logstash/logstash-7.12.0-linux-x86_64/logstash-7.12.0/config/log4j2.properties
[2021-04-26T23:03:15,868][INFO ][logstash.runner          ] Starting Logstash {"logstash.version"=>"7.12.0", "jruby.version"=>"jruby 9.2.13.0 (2.5.7) 2020-08-03 9a89c94bcc OpenJDK 64-Bit Server VM 11.0.10+9 on 11.0.10+9 +indy +jit [linux-x86_64]"}
[2021-04-26T23:03:18,284][WARN ][logstash.config.source.multilocal] Ignoring the 'pipelines.yml' file because modules or command line options are specified
[2021-04-26T23:03:21,563][INFO ][logstash.agent           ] Successfully started Logstash API endpoint {:port=>9600}
[2021-04-26T23:03:27,860][INFO ][org.reflections.Reflections] Reflections took 119 ms to scan 1 urls, producing 23 keys and 47 values 
[2021-04-26T23:03:30,922][INFO ][logstash.outputs.elasticsearch][main] Elasticsearch pool URLs updated {:changes=>{:removed=>[], :added=>[http://localhost:9200/]}}
[2021-04-26T23:03:31,650][WARN ][logstash.outputs.elasticsearch][main] Restored connection to ES instance {:url=>"http://localhost:9200/"}
[2021-04-26T23:03:31,783][INFO ][logstash.outputs.elasticsearch][main] ES Output version determined {:es_version=>7}
[2021-04-26T23:03:31,786][WARN ][logstash.outputs.elasticsearch][main] Detected a 6.x and above cluster: the `type` event field won't be used to determine the document _type {:es_version=>7}
[2021-04-26T23:03:31,840][INFO ][logstash.outputs.elasticsearch][main] New Elasticsearch output {:class=>"LogStash::Outputs::ElasticSearch", :hosts=>["//localhost:9200"]}
[2021-04-26T23:03:31,956][INFO ][logstash.outputs.elasticsearch][main] Using a default mapping template {:es_version=>7, :ecs_compatibility=>:disabled}
[2021-04-26T23:03:32,033][INFO ][logstash.javapipeline    ][main] Starting pipeline {:pipeline_id=>"main", "pipeline.workers"=>2, "pipeline.batch.size"=>125, "pipeline.batch.delay"=>50, "pipeline.max_inflight"=>250, "pipeline.sources"=>["/home/gabriel/cai/logstash/logstash-7.12.0-linux-x86_64/logstash-7.12.0/bin/crimes.elastic.logstash.final.conf"], :thread=>"#<Thread:0x7f98d3f5 run>"}
[2021-04-26T23:03:32,144][INFO ][logstash.outputs.elasticsearch][main] Attempting to install template {:manage_template=>{"index_patterns"=>"logstash-*", "version"=>60001, "settings"=>{"index.refresh_interval"=>"5s", "number_of_shards"=>1}, "mappings"=>{"dynamic_templates"=>[{"message_field"=>{"path_match"=>"message", "match_mapping_type"=>"string", "mapping"=>{"type"=>"text", "norms"=>false}}}, {"string_fields"=>{"match"=>"*", "match_mapping_type"=>"string", "mapping"=>{"type"=>"text", "norms"=>false, "fields"=>{"keyword"=>{"type"=>"keyword", "ignore_above"=>256}}}}}], "properties"=>{"@timestamp"=>{"type"=>"date"}, "@version"=>{"type"=>"keyword"}, "geoip"=>{"dynamic"=>true, "properties"=>{"ip"=>{"type"=>"ip"}, "location"=>{"type"=>"geo_point"}, "latitude"=>{"type"=>"half_float"}, "longitude"=>{"type"=>"half_float"}}}}}}}
[2021-04-26T23:03:37,953][INFO ][logstash.javapipeline    ][main] Pipeline Java execution initialization time {"seconds"=>5.92}
[2021-04-26T23:03:38,373][INFO ][logstash.inputs.file     ][main] No sincedb_path set, generating one based on the "path" setting {:sincedb_path=>"/home/gabriel/cai/logstash/logstash-7.12.0-linux-x86_64/logstash-7.12.0/data/plugins/inputs/file/.sincedb_65817580ffa7ba288e82605515bf9e5c", :path=>["/home/gabriel/cai/logstash/logstash-7.12.0-linux-x86_64/logstash-7.12.0/bin/nypd_mil.csv"]}
[2021-04-26T23:03:38,390][INFO ][logstash.javapipeline    ][main] Pipeline started {"pipeline.id"=>"main"}
[2021-04-26T23:03:38,481][INFO ][logstash.agent           ] Pipelines running {:count=>1, :running_pipelines=>[:main], :non_running_pipelines=>[]}
[2021-04-26T23:03:38,508][INFO ][filewatch.observingread  ][main][fd90b0c1934c6a5d212a34fa6ec635a45fbe81efbc9bf899ba2003c16121b293] START, creating Discoverer, Watch with file and sincedb collections
[2021-04-26T23:03:43,898][INFO ][logstash.javapipeline    ][main] Pipeline terminated {"pipeline.id"=>"main"}
[2021-04-26T23:03:44,126][INFO ][logstash.pipelinesregistry] Removed pipeline from registry successfully {:pipeline_id=>:main}
[2021-04-26T23:03:44,317][INFO ][logstash.runner          ] Logstash shut down.
